<?xml version="1.0" encoding="UTF-8"?>
<!-- Generated by org.testng.reporters.JUnitReportReporter -->
<testsuite hostname="DESKTOP-E88DK1P" failures="0" tests="1" name="script.TestClass1" time="13.559" errors="0" timestamp="2022-07-25T08:22:16 IST" skipped="0">
  <testcase classname="script.TestClass1" name="testA" time="13.559"/>
  <system-out/>
</testsuite> <!-- script.TestClass1 -->
