<?xml version="1.0" encoding="UTF-8"?>
<!-- Generated by org.testng.reporters.JUnitReportReporter -->
<testsuite hostname="DESKTOP-E88DK1P" failures="0" tests="1" name="script.InvalidLogin" time="24.761" errors="0" timestamp="2022-07-27T07:54:36 IST" skipped="0">
  <testcase classname="script.InvalidLogin" name="testInvalidLogin" time="24.761"/>
  <system-out/>
</testsuite> <!-- script.InvalidLogin -->
